<?xml version="1.0" encoding="UTF-8"?>
<testsuite name="LibraryTest" tests="1" skipped="0" failures="0" errors="0" timestamp="2018-06-02T23:29:30" hostname="DESKTOP-GHN2S3D" time="0.007">
  <properties/>
  <testcase name="testSomeLibraryMethod" classname="LibraryTest" time="0.007"/>
  <system-out><![CDATA[]]></system-out>
  <system-err><![CDATA[]]></system-err>
</testsuite>
